<?xml version="1.0" encoding="UTF-8"?>
<testsuite xmlns:xsi="http://www.w3.org/2001/XMLSchema-instance" xsi:noNamespaceSchemaLocation="https://maven.apache.org/surefire/maven-surefire-plugin/xsd/surefire-test-report-3.0.xsd" version="3.0" name="io.fabric8.maven.docker.util.EnvUtilTest" time="0.024" tests="28" errors="0" skipped="0" failures="0">
  <properties>
    <property name="sun.desktop" value="gnome"/>
    <property name="awt.toolkit" value="sun.awt.X11.XToolkit"/>
    <property name="java.specification.version" value="11"/>
    <property name="sun.cpu.isalist" value=""/>
    <property name="sun.jnu.encoding" value="UTF-8"/>
    <property name="java.class.path" value="/home/mateus/Documentos/Estudo/Engenharia_Software/git/Projeto-Real-master/target/test-classes:/home/mateus/Documentos/Estudo/Engenharia_Software/git/Projeto-Real-master/target/classes:/home/mateus/.m2/repository/org/apache/maven/maven-plugin-api/3.3.9/maven-plugin-api-3.3.9.jar:/home/mateus/.m2/repository/org/eclipse/sisu/org.eclipse.sisu.plexus/0.3.2/org.eclipse.sisu.plexus-0.3.2.jar:/home/mateus/.m2/repository/javax/enterprise/cdi-api/1.0/cdi-api-1.0.jar:/home/mateus/.m2/repository/javax/annotation/jsr250-api/1.0/jsr250-api-1.0.jar:/home/mateus/.m2/repository/org/eclipse/sisu/org.eclipse.sisu.inject/0.3.2/org.eclipse.sisu.inject-0.3.2.jar:/home/mateus/.m2/repository/org/apache/maven/maven-core/3.3.9/maven-core-3.3.9.jar:/home/mateus/.m2/repository/org/apache/maven/maven-settings/3.3.9/maven-settings-3.3.9.jar:/home/mateus/.m2/repository/org/apache/maven/maven-settings-builder/3.3.9/maven-settings-builder-3.3.9.jar:/home/mateus/.m2/repository/org/apache/maven/maven-builder-support/3.3.9/maven-builder-support-3.3.9.jar:/home/mateus/.m2/repository/org/apache/maven/maven-repository-metadata/3.3.9/maven-repository-metadata-3.3.9.jar:/home/mateus/.m2/repository/org/apache/maven/maven-model-builder/3.3.9/maven-model-builder-3.3.9.jar:/home/mateus/.m2/repository/org/apache/maven/maven-aether-provider/3.3.9/maven-aether-provider-3.3.9.jar:/home/mateus/.m2/repository/org/eclipse/aether/aether-spi/1.0.2.v20150114/aether-spi-1.0.2.v20150114.jar:/home/mateus/.m2/repository/org/eclipse/aether/aether-impl/1.0.2.v20150114/aether-impl-1.0.2.v20150114.jar:/home/mateus/.m2/repository/org/eclipse/aether/aether-api/1.0.2.v20150114/aether-api-1.0.2.v20150114.jar:/home/mateus/.m2/repository/org/eclipse/aether/aether-util/1.0.2.v20150114/aether-util-1.0.2.v20150114.jar:/home/mateus/.m2/repository/com/google/inject/guice/4.0/guice-4.0-no_aop.jar:/home/mateus/.m2/repository/javax/inject/javax.inject/1/javax.inject-1.jar:/home/mateus/.m2/repository/aopalliance/aopalliance/1.0/aopalliance-1.0.jar:/home/mateus/.m2/repository/org/codehaus/plexus/plexus-classworlds/2.5.2/plexus-classworlds-2.5.2.jar:/home/mateus/.m2/repository/org/apache/maven/maven-model/3.3.9/maven-model-3.3.9.jar:/home/mateus/.m2/repository/org/apache/maven/maven-artifact/3.3.9/maven-artifact-3.3.9.jar:/home/mateus/.m2/repository/org/sonatype/plexus/plexus-sec-dispatcher/1.3/plexus-sec-dispatcher-1.3.jar:/home/mateus/.m2/repository/org/sonatype/plexus/plexus-cipher/1.4/plexus-cipher-1.4.jar:/home/mateus/.m2/repository/org/codehaus/plexus/plexus-utils/3.0.24/plexus-utils-3.0.24.jar:/home/mateus/.m2/repository/org/codehaus/plexus/plexus-component-annotations/1.6/plexus-component-annotations-1.6.jar:/home/mateus/.m2/repository/org/apache/maven/plugin-tools/maven-plugin-annotations/3.5/maven-plugin-annotations-3.5.jar:/home/mateus/.m2/repository/org/apache/httpcomponents/httpclient/4.5.5/httpclient-4.5.5.jar:/home/mateus/.m2/repository/org/apache/httpcomponents/httpcore/4.4.9/httpcore-4.4.9.jar:/home/mateus/.m2/repository/commons-logging/commons-logging/1.2/commons-logging-1.2.jar:/home/mateus/.m2/repository/commons-codec/commons-codec/1.10/commons-codec-1.10.jar:/home/mateus/.m2/repository/com/github/jnr/jnr-unixsocket/0.22/jnr-unixsocket-0.22.jar:/home/mateus/.m2/repository/com/github/jnr/jnr-ffi/2.1.9/jnr-ffi-2.1.9.jar:/home/mateus/.m2/repository/com/github/jnr/jffi/1.2.17/jffi-1.2.17.jar:/home/mateus/.m2/repository/com/github/jnr/jffi/1.2.16/jffi-1.2.16-native.jar:/home/mateus/.m2/repository/org/ow2/asm/asm/5.0.3/asm-5.0.3.jar:/home/mateus/.m2/repository/org/ow2/asm/asm-commons/5.0.3/asm-commons-5.0.3.jar:/home/mateus/.m2/repository/org/ow2/asm/asm-analysis/5.0.3/asm-analysis-5.0.3.jar:/home/mateus/.m2/repository/org/ow2/asm/asm-tree/5.0.3/asm-tree-5.0.3.jar:/home/mateus/.m2/repository/org/ow2/asm/asm-util/5.0.3/asm-util-5.0.3.jar:/home/mateus/.m2/repository/com/github/jnr/jnr-a64asm/1.0.0/jnr-a64asm-1.0.0.jar:/home/mateus/.m2/repository/com/github/jnr/jnr-x86asm/1.0.2/jnr-x86asm-1.0.2.jar:/home/mateus/.m2/repository/com/github/jnr/jnr-constants/0.9.11/jnr-constants-0.9.11.jar:/home/mateus/.m2/repository/com/github/jnr/jnr-enxio/0.20/jnr-enxio-0.20.jar:/home/mateus/.m2/repository/com/github/jnr/jnr-posix/3.0.47/jnr-posix-3.0.47.jar:/home/mateus/.m2/repository/org/apache/commons/commons-lang3/3.6/commons-lang3-3.6.jar:/home/mateus/.m2/repository/org/apache/commons/commons-text/1.1/commons-text-1.1.jar:/home/mateus/.m2/repository/com/google/code/gson/gson/2.8.5/gson-2.8.5.jar:/home/mateus/.m2/repository/org/fusesource/jansi/jansi/1.16/jansi-1.16.jar:/home/mateus/.m2/repository/org/bouncycastle/bcpkix-jdk15on/1.57/bcpkix-jdk15on-1.57.jar:/home/mateus/.m2/repository/org/bouncycastle/bcprov-jdk15on/1.57/bcprov-jdk15on-1.57.jar:/home/mateus/.m2/repository/org/apache/maven/plugins/maven-assembly-plugin/3.1.0/maven-assembly-plugin-3.1.0.jar:/home/mateus/.m2/repository/org/apache/maven/shared/maven-common-artifact-filters/3.0.1/maven-common-artifact-filters-3.0.1.jar:/home/mateus/.m2/repository/org/sonatype/sisu/sisu-inject-plexus/1.4.2/sisu-inject-plexus-1.4.2.jar:/home/mateus/.m2/repository/org/sonatype/sisu/sisu-inject-bean/1.4.2/sisu-inject-bean-1.4.2.jar:/home/mateus/.m2/repository/org/sonatype/sisu/sisu-guice/2.1.7/sisu-guice-2.1.7-noaop.jar:/home/mateus/.m2/repository/org/apache/maven/shared/maven-shared-utils/3.1.0/maven-shared-utils-3.1.0.jar:/home/mateus/.m2/repository/org/apache/maven/shared/maven-artifact-transfer/0.9.0/maven-artifact-transfer-0.9.0.jar:/home/mateus/.m2/repository/org/slf4j/slf4j-api/1.7.5/slf4j-api-1.7.5.jar:/home/mateus/.m2/repository/org/codehaus/plexus/plexus-archiver/3.5/plexus-archiver-3.5.jar:/home/mateus/.m2/repository/org/apache/commons/commons-compress/1.14/commons-compress-1.14.jar:/home/mateus/.m2/repository/org/iq80/snappy/snappy/0.4/snappy-0.4.jar:/home/mateus/.m2/repository/org/tukaani/xz/1.6/xz-1.6.jar:/home/mateus/.m2/repository/org/apache/maven/shared/file-management/3.0.0/file-management-3.0.0.jar:/home/mateus/.m2/repository/org/apache/maven/shared/maven-shared-io/3.0.0/maven-shared-io-3.0.0.jar:/home/mateus/.m2/repository/org/apache/maven/maven-compat/3.0/maven-compat-3.0.jar:/home/mateus/.m2/repository/org/apache/maven/wagon/wagon-provider-api/2.10/wagon-provider-api-2.10.jar:/home/mateus/.m2/repository/commons-io/commons-io/2.5/commons-io-2.5.jar:/home/mateus/.m2/repository/org/apache/maven/shared/maven-filtering/3.1.1/maven-filtering-3.1.1.jar:/home/mateus/.m2/repository/org/sonatype/plexus/plexus-build-api/0.0.7/plexus-build-api-0.0.7.jar:/home/mateus/.m2/repository/org/codehaus/plexus/plexus-io/3.0.0/plexus-io-3.0.0.jar:/home/mateus/.m2/repository/org/apache/maven/maven-archiver/3.2.0/maven-archiver-3.2.0.jar:/home/mateus/.m2/repository/joda-time/joda-time/2.9.9/joda-time-2.9.9.jar:/home/mateus/.m2/repository/org/yaml/snakeyaml/1.18/snakeyaml-1.18.jar:/home/mateus/.m2/repository/com/google/guava/guava/23.0-android/guava-23.0-android.jar:/home/mateus/.m2/repository/com/google/code/findbugs/jsr305/1.3.9/jsr305-1.3.9.jar:/home/mateus/.m2/repository/com/google/errorprone/error_prone_annotations/2.0.18/error_prone_annotations-2.0.18.jar:/home/mateus/.m2/repository/com/google/j2objc/j2objc-annotations/1.1/j2objc-annotations-1.1.jar:/home/mateus/.m2/repository/org/codehaus/mojo/animal-sniffer-annotations/1.14/animal-sniffer-annotations-1.14.jar:/home/mateus/.m2/repository/org/codehaus/plexus/plexus-interpolation/1.24/plexus-interpolation-1.24.jar:/home/mateus/.m2/repository/org/hamcrest/hamcrest-all/1.3/hamcrest-all-1.3.jar:/home/mateus/.m2/repository/org/jmockit/jmockit/1.43/jmockit-1.43.jar:/home/mateus/.m2/repository/junit/junit/4.12/junit-4.12.jar:/home/mateus/.m2/repository/org/hamcrest/hamcrest-core/1.3/hamcrest-core-1.3.jar:/home/mateus/.m2/repository/org/skyscreamer/jsonassert/1.5.0/jsonassert-1.5.0.jar:/home/mateus/.m2/repository/com/vaadin/external/google/android-json/0.0.20131108.vaadin1/android-json-0.0.20131108.vaadin1.jar:/home/mateus/.m2/repository/pl/pragmatists/JUnitParams/1.1.0/JUnitParams-1.1.0.jar:/home/mateus/.m2/repository/org/assertj/assertj-core/2.6.0/assertj-core-2.6.0.jar:"/>
    <property name="java.vm.vendor" value="Ubuntu"/>
    <property name="sun.arch.data.model" value="64"/>
    <property name="java.vendor.url" value="https://ubuntu.com/"/>
    <property name="user.timezone" value=""/>
    <property name="java.vm.specification.version" value="11"/>
    <property name="os.name" value="Linux"/>
    <property name="sun.java.launcher" value="SUN_STANDARD"/>
    <property name="user.country" value="BR"/>
    <property name="sun.boot.library.path" value="/usr/lib/jvm/java-11-openjdk-amd64/lib"/>
    <property name="sun.java.command" value="/home/mateus/Documentos/Estudo/Engenharia_Software/git/Projeto-Real-master/target/surefire/surefirebooter7239530864840300956.jar /home/mateus/Documentos/Estudo/Engenharia_Software/git/Projeto-Real-master/target/surefire 2019-10-18T20-12-47_849-jvmRun1 surefire163472938317653242tmp surefire_013190138505915010708tmp"/>
    <property name="jdk.debug" value="release"/>
    <property name="surefire.test.class.path" value="/home/mateus/Documentos/Estudo/Engenharia_Software/git/Projeto-Real-master/target/test-classes:/home/mateus/Documentos/Estudo/Engenharia_Software/git/Projeto-Real-master/target/classes:/home/mateus/.m2/repository/org/apache/maven/maven-plugin-api/3.3.9/maven-plugin-api-3.3.9.jar:/home/mateus/.m2/repository/org/eclipse/sisu/org.eclipse.sisu.plexus/0.3.2/org.eclipse.sisu.plexus-0.3.2.jar:/home/mateus/.m2/repository/javax/enterprise/cdi-api/1.0/cdi-api-1.0.jar:/home/mateus/.m2/repository/javax/annotation/jsr250-api/1.0/jsr250-api-1.0.jar:/home/mateus/.m2/repository/org/eclipse/sisu/org.eclipse.sisu.inject/0.3.2/org.eclipse.sisu.inject-0.3.2.jar:/home/mateus/.m2/repository/org/apache/maven/maven-core/3.3.9/maven-core-3.3.9.jar:/home/mateus/.m2/repository/org/apache/maven/maven-settings/3.3.9/maven-settings-3.3.9.jar:/home/mateus/.m2/repository/org/apache/maven/maven-settings-builder/3.3.9/maven-settings-builder-3.3.9.jar:/home/mateus/.m2/repository/org/apache/maven/maven-builder-support/3.3.9/maven-builder-support-3.3.9.jar:/home/mateus/.m2/repository/org/apache/maven/maven-repository-metadata/3.3.9/maven-repository-metadata-3.3.9.jar:/home/mateus/.m2/repository/org/apache/maven/maven-model-builder/3.3.9/maven-model-builder-3.3.9.jar:/home/mateus/.m2/repository/org/apache/maven/maven-aether-provider/3.3.9/maven-aether-provider-3.3.9.jar:/home/mateus/.m2/repository/org/eclipse/aether/aether-spi/1.0.2.v20150114/aether-spi-1.0.2.v20150114.jar:/home/mateus/.m2/repository/org/eclipse/aether/aether-impl/1.0.2.v20150114/aether-impl-1.0.2.v20150114.jar:/home/mateus/.m2/repository/org/eclipse/aether/aether-api/1.0.2.v20150114/aether-api-1.0.2.v20150114.jar:/home/mateus/.m2/repository/org/eclipse/aether/aether-util/1.0.2.v20150114/aether-util-1.0.2.v20150114.jar:/home/mateus/.m2/repository/com/google/inject/guice/4.0/guice-4.0-no_aop.jar:/home/mateus/.m2/repository/javax/inject/javax.inject/1/javax.inject-1.jar:/home/mateus/.m2/repository/aopalliance/aopalliance/1.0/aopalliance-1.0.jar:/home/mateus/.m2/repository/org/codehaus/plexus/plexus-classworlds/2.5.2/plexus-classworlds-2.5.2.jar:/home/mateus/.m2/repository/org/apache/maven/maven-model/3.3.9/maven-model-3.3.9.jar:/home/mateus/.m2/repository/org/apache/maven/maven-artifact/3.3.9/maven-artifact-3.3.9.jar:/home/mateus/.m2/repository/org/sonatype/plexus/plexus-sec-dispatcher/1.3/plexus-sec-dispatcher-1.3.jar:/home/mateus/.m2/repository/org/sonatype/plexus/plexus-cipher/1.4/plexus-cipher-1.4.jar:/home/mateus/.m2/repository/org/codehaus/plexus/plexus-utils/3.0.24/plexus-utils-3.0.24.jar:/home/mateus/.m2/repository/org/codehaus/plexus/plexus-component-annotations/1.6/plexus-component-annotations-1.6.jar:/home/mateus/.m2/repository/org/apache/maven/plugin-tools/maven-plugin-annotations/3.5/maven-plugin-annotations-3.5.jar:/home/mateus/.m2/repository/org/apache/httpcomponents/httpclient/4.5.5/httpclient-4.5.5.jar:/home/mateus/.m2/repository/org/apache/httpcomponents/httpcore/4.4.9/httpcore-4.4.9.jar:/home/mateus/.m2/repository/commons-logging/commons-logging/1.2/commons-logging-1.2.jar:/home/mateus/.m2/repository/commons-codec/commons-codec/1.10/commons-codec-1.10.jar:/home/mateus/.m2/repository/com/github/jnr/jnr-unixsocket/0.22/jnr-unixsocket-0.22.jar:/home/mateus/.m2/repository/com/github/jnr/jnr-ffi/2.1.9/jnr-ffi-2.1.9.jar:/home/mateus/.m2/repository/com/github/jnr/jffi/1.2.17/jffi-1.2.17.jar:/home/mateus/.m2/repository/com/github/jnr/jffi/1.2.16/jffi-1.2.16-native.jar:/home/mateus/.m2/repository/org/ow2/asm/asm/5.0.3/asm-5.0.3.jar:/home/mateus/.m2/repository/org/ow2/asm/asm-commons/5.0.3/asm-commons-5.0.3.jar:/home/mateus/.m2/repository/org/ow2/asm/asm-analysis/5.0.3/asm-analysis-5.0.3.jar:/home/mateus/.m2/repository/org/ow2/asm/asm-tree/5.0.3/asm-tree-5.0.3.jar:/home/mateus/.m2/repository/org/ow2/asm/asm-util/5.0.3/asm-util-5.0.3.jar:/home/mateus/.m2/repository/com/github/jnr/jnr-a64asm/1.0.0/jnr-a64asm-1.0.0.jar:/home/mateus/.m2/repository/com/github/jnr/jnr-x86asm/1.0.2/jnr-x86asm-1.0.2.jar:/home/mateus/.m2/repository/com/github/jnr/jnr-constants/0.9.11/jnr-constants-0.9.11.jar:/home/mateus/.m2/repository/com/github/jnr/jnr-enxio/0.20/jnr-enxio-0.20.jar:/home/mateus/.m2/repository/com/github/jnr/jnr-posix/3.0.47/jnr-posix-3.0.47.jar:/home/mateus/.m2/repository/org/apache/commons/commons-lang3/3.6/commons-lang3-3.6.jar:/home/mateus/.m2/repository/org/apache/commons/commons-text/1.1/commons-text-1.1.jar:/home/mateus/.m2/repository/com/google/code/gson/gson/2.8.5/gson-2.8.5.jar:/home/mateus/.m2/repository/org/fusesource/jansi/jansi/1.16/jansi-1.16.jar:/home/mateus/.m2/repository/org/bouncycastle/bcpkix-jdk15on/1.57/bcpkix-jdk15on-1.57.jar:/home/mateus/.m2/repository/org/bouncycastle/bcprov-jdk15on/1.57/bcprov-jdk15on-1.57.jar:/home/mateus/.m2/repository/org/apache/maven/plugins/maven-assembly-plugin/3.1.0/maven-assembly-plugin-3.1.0.jar:/home/mateus/.m2/repository/org/apache/maven/shared/maven-common-artifact-filters/3.0.1/maven-common-artifact-filters-3.0.1.jar:/home/mateus/.m2/repository/org/sonatype/sisu/sisu-inject-plexus/1.4.2/sisu-inject-plexus-1.4.2.jar:/home/mateus/.m2/repository/org/sonatype/sisu/sisu-inject-bean/1.4.2/sisu-inject-bean-1.4.2.jar:/home/mateus/.m2/repository/org/sonatype/sisu/sisu-guice/2.1.7/sisu-guice-2.1.7-noaop.jar:/home/mateus/.m2/repository/org/apache/maven/shared/maven-shared-utils/3.1.0/maven-shared-utils-3.1.0.jar:/home/mateus/.m2/repository/org/apache/maven/shared/maven-artifact-transfer/0.9.0/maven-artifact-transfer-0.9.0.jar:/home/mateus/.m2/repository/org/slf4j/slf4j-api/1.7.5/slf4j-api-1.7.5.jar:/home/mateus/.m2/repository/org/codehaus/plexus/plexus-archiver/3.5/plexus-archiver-3.5.jar:/home/mateus/.m2/repository/org/apache/commons/commons-compress/1.14/commons-compress-1.14.jar:/home/mateus/.m2/repository/org/iq80/snappy/snappy/0.4/snappy-0.4.jar:/home/mateus/.m2/repository/org/tukaani/xz/1.6/xz-1.6.jar:/home/mateus/.m2/repository/org/apache/maven/shared/file-management/3.0.0/file-management-3.0.0.jar:/home/mateus/.m2/repository/org/apache/maven/shared/maven-shared-io/3.0.0/maven-shared-io-3.0.0.jar:/home/mateus/.m2/repository/org/apache/maven/maven-compat/3.0/maven-compat-3.0.jar:/home/mateus/.m2/repository/org/apache/maven/wagon/wagon-provider-api/2.10/wagon-provider-api-2.10.jar:/home/mateus/.m2/repository/commons-io/commons-io/2.5/commons-io-2.5.jar:/home/mateus/.m2/repository/org/apache/maven/shared/maven-filtering/3.1.1/maven-filtering-3.1.1.jar:/home/mateus/.m2/repository/org/sonatype/plexus/plexus-build-api/0.0.7/plexus-build-api-0.0.7.jar:/home/mateus/.m2/repository/org/codehaus/plexus/plexus-io/3.0.0/plexus-io-3.0.0.jar:/home/mateus/.m2/repository/org/apache/maven/maven-archiver/3.2.0/maven-archiver-3.2.0.jar:/home/mateus/.m2/repository/joda-time/joda-time/2.9.9/joda-time-2.9.9.jar:/home/mateus/.m2/repository/org/yaml/snakeyaml/1.18/snakeyaml-1.18.jar:/home/mateus/.m2/repository/com/google/guava/guava/23.0-android/guava-23.0-android.jar:/home/mateus/.m2/repository/com/google/code/findbugs/jsr305/1.3.9/jsr305-1.3.9.jar:/home/mateus/.m2/repository/com/google/errorprone/error_prone_annotations/2.0.18/error_prone_annotations-2.0.18.jar:/home/mateus/.m2/repository/com/google/j2objc/j2objc-annotations/1.1/j2objc-annotations-1.1.jar:/home/mateus/.m2/repository/org/codehaus/mojo/animal-sniffer-annotations/1.14/animal-sniffer-annotations-1.14.jar:/home/mateus/.m2/repository/org/codehaus/plexus/plexus-interpolation/1.24/plexus-interpolation-1.24.jar:/home/mateus/.m2/repository/org/hamcrest/hamcrest-all/1.3/hamcrest-all-1.3.jar:/home/mateus/.m2/repository/org/jmockit/jmockit/1.43/jmockit-1.43.jar:/home/mateus/.m2/repository/junit/junit/4.12/junit-4.12.jar:/home/mateus/.m2/repository/org/hamcrest/hamcrest-core/1.3/hamcrest-core-1.3.jar:/home/mateus/.m2/repository/org/skyscreamer/jsonassert/1.5.0/jsonassert-1.5.0.jar:/home/mateus/.m2/repository/com/vaadin/external/google/android-json/0.0.20131108.vaadin1/android-json-0.0.20131108.vaadin1.jar:/home/mateus/.m2/repository/pl/pragmatists/JUnitParams/1.1.0/JUnitParams-1.1.0.jar:/home/mateus/.m2/repository/org/assertj/assertj-core/2.6.0/assertj-core-2.6.0.jar:"/>
    <property name="sun.cpu.endian" value="little"/>
    <property name="user.home" value="/home/mateus"/>
    <property name="user.language" value="pt"/>
    <property name="java.specification.vendor" value="Oracle Corporation"/>
    <property name="java.version.date" value="2019-07-16"/>
    <property name="java.home" value="/usr/lib/jvm/java-11-openjdk-amd64"/>
    <property name="file.separator" value="/"/>
    <property name="basedir" value="/home/mateus/Documentos/Estudo/Engenharia_Software/git/Projeto-Real-master"/>
    <property name="java.vm.compressedOopsMode" value="32-bit"/>
    <property name="line.separator" value="&#10;"/>
    <property name="java.specification.name" value="Java Platform API Specification"/>
    <property name="java.vm.specification.vendor" value="Oracle Corporation"/>
    <property name="java.awt.graphicsenv" value="sun.awt.X11GraphicsEnvironment"/>
    <property name="surefire.real.class.path" value="/home/mateus/Documentos/Estudo/Engenharia_Software/git/Projeto-Real-master/target/surefire/surefirebooter7239530864840300956.jar"/>
    <property name="sun.management.compiler" value="HotSpot 64-Bit Tiered Compilers"/>
    <property name="java.runtime.version" value="11.0.4+11-post-Ubuntu-1ubuntu218.04.3"/>
    <property name="user.name" value="mateus"/>
    <property name="path.separator" value=":"/>
    <property name="os.version" value="4.15.0-65-generic"/>
    <property name="java.runtime.name" value="OpenJDK Runtime Environment"/>
    <property name="file.encoding" value="UTF-8"/>
    <property name="java.vm.name" value="OpenJDK 64-Bit Server VM"/>
    <property name="localRepository" value="/home/mateus/.m2/repository"/>
    <property name="java.vendor.url.bug" value="https://bugs.launchpad.net/ubuntu/+source/openjdk-lts"/>
    <property name="java.io.tmpdir" value="/tmp"/>
    <property name="java.version" value="11.0.4"/>
    <property name="user.dir" value="/home/mateus/Documentos/Estudo/Engenharia_Software/git/Projeto-Real-master"/>
    <property name="os.arch" value="amd64"/>
    <property name="java.vm.specification.name" value="Java Virtual Machine Specification"/>
    <property name="java.awt.printerjob" value="sun.print.PSPrinterJob"/>
    <property name="sun.os.patch.level" value="unknown"/>
    <property name="java.library.path" value="/usr/java/packages/lib:/usr/lib/x86_64-linux-gnu/jni:/lib/x86_64-linux-gnu:/usr/lib/x86_64-linux-gnu:/usr/lib/jni:/lib:/usr/lib"/>
    <property name="java.vendor" value="Ubuntu"/>
    <property name="java.vm.info" value="mixed mode, sharing"/>
    <property name="java.vm.version" value="11.0.4+11-post-Ubuntu-1ubuntu218.04.3"/>
    <property name="sun.io.unicode.encoding" value="UnicodeLittle"/>
    <property name="java.class.version" value="55.0"/>
  </properties>
  <testcase name="splitAtCommas" classname="io.fabric8.maven.docker.util.EnvUtilTest" time="0.003"/>
  <testcase name="splitAtCommasNullInList" classname="io.fabric8.maven.docker.util.EnvUtilTest" time="0"/>
  <testcase name="splitOnSpace: input &quot;bla blub&quot; splits to [bla, blub]" classname="io.fabric8.maven.docker.util.EnvUtilTest" time="0"/>
  <testcase name="splitOnSpace: input &quot;bla\ blub&quot; splits to [bla blub]" classname="io.fabric8.maven.docker.util.EnvUtilTest" time="0"/>
  <testcase name="splitOnSpace: input &quot;bla blub\ blubber&quot; splits to [bla, blub blubber]" classname="io.fabric8.maven.docker.util.EnvUtilTest" time="0"/>
  <testcase name="extractListFromProperties" classname="io.fabric8.maven.docker.util.EnvUtilTest" time="0"/>
  <testcase name="splitAtCommasNullList" classname="io.fabric8.maven.docker.util.EnvUtilTest" time="0"/>
  <testcase name="splitAtCommasSingleEmpty" classname="io.fabric8.maven.docker.util.EnvUtilTest" time="0"/>
  <testcase name="ensureRegistryHttpUrl" classname="io.fabric8.maven.docker.util.EnvUtilTest" time="0"/>
  <testcase name="versionChecks: max(null,null) = null, null &gt;= null ? false" classname="io.fabric8.maven.docker.util.EnvUtilTest" time="0"/>
  <testcase name="versionChecks: max(1.10,null) = 1.10, 1.10 &gt;= null ? true" classname="io.fabric8.maven.docker.util.EnvUtilTest" time="0"/>
  <testcase name="versionChecks: max(null,1.10) = 1.10, null &gt;= 1.10 ? false" classname="io.fabric8.maven.docker.util.EnvUtilTest" time="0.002"/>
  <testcase name="versionChecks: max(1.22,1.10) = 1.22, 1.22 &gt;= 1.10 ? true" classname="io.fabric8.maven.docker.util.EnvUtilTest" time="0"/>
  <testcase name="versionChecks: max(1.10,1.25) = 1.25, 1.10 &gt;= 1.25 ? false" classname="io.fabric8.maven.docker.util.EnvUtilTest" time="0"/>
  <testcase name="versionChecks: max(1.23,1.23) = 1.23, 1.23 &gt;= 1.23 ? true" classname="io.fabric8.maven.docker.util.EnvUtilTest" time="0"/>
  <testcase name="versionChecks: max(1.23.1,1.23) = 1.23.1, 1.23.1 &gt;= 1.23 ? true" classname="io.fabric8.maven.docker.util.EnvUtilTest" time="0"/>
  <testcase name="versionChecks: max(1.25,1.25.1) = 1.25.1, 1.25 &gt;= 1.25.1 ? false" classname="io.fabric8.maven.docker.util.EnvUtilTest" time="0"/>
  <testcase name="versionChecks: max(1.23.1,2.0) = 2.0, 1.23.1 &gt;= 2.0 ? false" classname="io.fabric8.maven.docker.util.EnvUtilTest" time="0"/>
  <testcase name="splitAtCommasEmpty" classname="io.fabric8.maven.docker.util.EnvUtilTest" time="0"/>
  <testcase name="splitPath" classname="io.fabric8.maven.docker.util.EnvUtilTest" time="0"/>
  <testcase name="extractMapFromProperties" classname="io.fabric8.maven.docker.util.EnvUtilTest" time="0"/>
  <testcase name="removeEmptyEntries" classname="io.fabric8.maven.docker.util.EnvUtilTest" time="0"/>
  <testcase name="mavenPropertyExtract: expression ${var1} =&gt; variable var1" classname="io.fabric8.maven.docker.util.EnvUtilTest" time="0.001"/>
  <testcase name="mavenPropertyExtract: expression ${  var2} =&gt; variable var2" classname="io.fabric8.maven.docker.util.EnvUtilTest" time="0"/>
  <testcase name="mavenPropertyExtract: expression  ${ var3}   =&gt; variable var3" classname="io.fabric8.maven.docker.util.EnvUtilTest" time="0.001"/>
  <testcase name="mavenPropertyExtract: expression nonvar =&gt; variable null" classname="io.fabric8.maven.docker.util.EnvUtilTest" time="0"/>
  <testcase name="mavenPropertyExtract: expression ${nonvar =&gt; variable null" classname="io.fabric8.maven.docker.util.EnvUtilTest" time="0"/>
  <testcase name="fixupPath" classname="io.fabric8.maven.docker.util.EnvUtilTest" time="0"/>
</testsuite>